2019-06-12 20:32:00.473 [main] DEBUG in.codetripper.blueprint.Application - hello world
2019-06-12 20:32:00.626 [main] DEBUG org.springframework.context.annotation.AnnotationConfigApplicationContext - Refreshing org.springframework.context.annotation.AnnotationConfigApplicationContext@3059cbc
2019-06-12 20:32:00.639 [main] DEBUG org.springframework.beans.factory.support.DefaultListableBeanFactory - Creating shared instance of singleton bean 'org.springframework.context.annotation.internalConfigurationAnnotationProcessor'
2019-06-12 20:32:00.791 [main] DEBUG org.springframework.context.annotation.ClassPathBeanDefinitionScanner - Identified candidate component class: file [/home/hk/work/consultation/niyo/projects/blueprint-sa/out/production/classes/in/codetripper/blueprint/Config.class]
2019-06-12 20:32:00.803 [main] DEBUG org.springframework.context.annotation.ClassPathBeanDefinitionScanner - Identified candidate component class: file [/home/hk/work/consultation/niyo/projects/blueprint-sa/out/production/classes/in/codetripper/blueprint/domain/Greeter.class]
2019-06-12 20:32:00.811 [main] DEBUG org.springframework.context.annotation.ClassPathBeanDefinitionScanner - Identified candidate component class: file [/home/hk/work/consultation/niyo/projects/blueprint-sa/out/production/classes/in/codetripper/blueprint/domain/services/CiaoService.class]
2019-06-12 20:32:00.812 [main] DEBUG org.springframework.context.annotation.ClassPathBeanDefinitionScanner - Identified candidate component class: file [/home/hk/work/consultation/niyo/projects/blueprint-sa/out/production/classes/in/codetripper/blueprint/domain/services/HelloService.class]
2019-06-12 20:32:00.813 [main] DEBUG org.springframework.context.annotation.ClassPathBeanDefinitionScanner - Identified candidate component class: file [/home/hk/work/consultation/niyo/projects/blueprint-sa/out/production/classes/in/codetripper/blueprint/infra/io/FileReaderAdapter.class]
2019-06-12 20:32:00.928 [main] DEBUG org.springframework.beans.factory.support.DefaultListableBeanFactory - Creating shared instance of singleton bean 'org.springframework.context.event.internalEventListenerProcessor'
2019-06-12 20:32:00.931 [main] DEBUG org.springframework.beans.factory.support.DefaultListableBeanFactory - Creating shared instance of singleton bean 'org.springframework.context.event.internalEventListenerFactory'
2019-06-12 20:32:00.933 [main] DEBUG org.springframework.beans.factory.support.DefaultListableBeanFactory - Creating shared instance of singleton bean 'org.springframework.context.annotation.internalAutowiredAnnotationProcessor'
2019-06-12 20:32:00.938 [main] DEBUG org.springframework.beans.factory.support.DefaultListableBeanFactory - Creating shared instance of singleton bean 'application'
2019-06-12 20:32:00.947 [main] DEBUG org.springframework.beans.factory.support.DefaultListableBeanFactory - Creating shared instance of singleton bean 'config'
2019-06-12 20:32:00.960 [main] DEBUG org.springframework.core.env.PropertySourcesPropertyResolver - Found key 'blueprint.appname' in PropertySource 'class path resource [application.properties]' with value of type String
2019-06-12 20:32:00.963 [main] DEBUG org.springframework.core.env.PropertySourcesPropertyResolver - Found key 'blueprint.greeting.english' in PropertySource 'class path resource [application.properties]' with value of type String
2019-06-12 20:32:00.963 [main] DEBUG org.springframework.core.env.PropertySourcesPropertyResolver - Found key 'blueprint.greeting.spanish' in PropertySource 'class path resource [application.properties]' with value of type String
2019-06-12 20:32:00.964 [main] DEBUG org.springframework.core.env.PropertySourcesPropertyResolver - Found key 'blueprint.template.location' in PropertySource 'class path resource [application.properties]' with value of type String
2019-06-12 20:32:00.964 [main] DEBUG org.springframework.beans.factory.support.DefaultListableBeanFactory - Creating shared instance of singleton bean 'greeter'
2019-06-12 20:32:00.977 [main] DEBUG org.springframework.beans.factory.support.DefaultListableBeanFactory - Creating shared instance of singleton bean 'ciaoService'
2019-06-12 20:32:00.982 [main] DEBUG org.springframework.beans.factory.support.DefaultListableBeanFactory - Autowiring by type from bean name 'greeter' via constructor to bean named 'ciaoService'
2019-06-12 20:32:00.985 [main] DEBUG org.springframework.beans.factory.support.DefaultListableBeanFactory - Creating shared instance of singleton bean 'fileReaderAdapter'
2019-06-12 20:32:00.986 [main] DEBUG org.springframework.beans.factory.support.DefaultListableBeanFactory - Autowiring by type from bean name 'fileReaderAdapter' via constructor to bean named 'org.springframework.context.annotation.AnnotationConfigApplicationContext@3059cbc'
2019-06-12 20:32:00.988 [main] DEBUG org.springframework.beans.factory.support.DefaultListableBeanFactory - Creating shared instance of singleton bean 'helloService'
2019-06-12 20:32:01.012 [main] INFO  in.codetripper.blueprint.domain.Greeter - CIAO world
2019-06-12 20:32:01.014 [main] DEBUG in.codetripper.blueprint.infra.io.FileReaderAdapter - line <html>this is my test template</html>
